{"assets/js/local.js":{"path":"assets/js/local.js","s":{"1":1,"2":9,"3":9,"4":9,"5":1,"6":9,"7":1,"8":10,"9":1,"10":9,"11":9,"12":9,"13":1,"14":0,"15":1,"16":10,"17":1,"18":1},"b":{"1":[1,9]},"f":{"1":9,"2":9,"3":10,"4":9,"5":1,"6":0,"7":10},"fnMap":{"1":{"name":"(anonymous_1)","line":1,"loc":{"start":{"line":1,"column":16},"end":{"line":1,"column":39}}},"2":{"name":"(anonymous_2)","line":8,"loc":{"start":{"line":8,"column":31},"end":{"line":8,"column":42}}},"3":{"name":"(anonymous_3)","line":13,"loc":{"start":{"line":13,"column":33},"end":{"line":13,"column":49}}},"4":{"name":"(anonymous_4)","line":18,"loc":{"start":{"line":18,"column":27},"end":{"line":18,"column":38}}},"5":{"name":"(anonymous_5)","line":22,"loc":{"start":{"line":22,"column":42},"end":{"line":22,"column":53}}},"6":{"name":"(anonymous_6)","line":23,"loc":{"start":{"line":23,"column":19},"end":{"line":23,"column":30}}},"7":{"name":"(anonymous_7)","line":31,"loc":{"start":{"line":31,"column":33},"end":{"line":31,"column":44}}}},"statementMap":{"1":{"start":{"line":1,"column":0},"end":{"line":5,"column":2}},"2":{"start":{"line":2,"column":4},"end":{"line":2,"column":25}},"3":{"start":{"line":3,"column":4},"end":{"line":3,"column":21}},"4":{"start":{"line":4,"column":4},"end":{"line":4,"column":16}},"5":{"start":{"line":8,"column":0},"end":{"line":10,"column":2}},"6":{"start":{"line":9,"column":4},"end":{"line":9,"column":48}},"7":{"start":{"line":13,"column":0},"end":{"line":15,"column":2}},"8":{"start":{"line":14,"column":4},"end":{"line":14,"column":45}},"9":{"start":{"line":18,"column":0},"end":{"line":27,"column":2}},"10":{"start":{"line":19,"column":4},"end":{"line":19,"column":22}},"11":{"start":{"line":21,"column":4},"end":{"line":21,"column":20}},"12":{"start":{"line":22,"column":4},"end":{"line":26,"column":14}},"13":{"start":{"line":23,"column":8},"end":{"line":25,"column":16}},"14":{"start":{"line":24,"column":12},"end":{"line":24,"column":45}},"15":{"start":{"line":31,"column":0},"end":{"line":36,"column":2}},"16":{"start":{"line":32,"column":4},"end":{"line":35,"column":5}},"17":{"start":{"line":33,"column":8},"end":{"line":33,"column":63}},"18":{"start":{"line":34,"column":8},"end":{"line":34,"column":61}}},"branchMap":{"1":{"line":32,"type":"if","locations":[{"start":{"line":32,"column":4},"end":{"line":32,"column":4}},{"start":{"line":32,"column":4},"end":{"line":32,"column":4}}]}}},"assets/js/colors.js":{"path":"assets/js/colors.js","s":{"1":1,"2":8,"3":8,"4":8,"5":8,"6":1,"7":17,"8":1,"9":19,"10":19,"11":2,"12":17,"13":1,"14":9,"15":9,"16":1,"17":8,"18":8,"19":1},"b":{"1":[2,17]},"f":{"1":8,"2":17,"3":19,"4":9,"5":8,"6":1},"fnMap":{"1":{"name":"(anonymous_1)","line":1,"loc":{"start":{"line":1,"column":18},"end":{"line":1,"column":41}}},"2":{"name":"(anonymous_2)","line":10,"loc":{"start":{"line":10,"column":33},"end":{"line":10,"column":44}}},"3":{"name":"(anonymous_3)","line":15,"loc":{"start":{"line":15,"column":36},"end":{"line":15,"column":66}}},"4":{"name":"(anonymous_4)","line":25,"loc":{"start":{"line":25,"column":35},"end":{"line":25,"column":46}}},"5":{"name":"(anonymous_5)","line":33,"loc":{"start":{"line":33,"column":29},"end":{"line":33,"column":40}}},"6":{"name":"(anonymous_6)","line":35,"loc":{"start":{"line":35,"column":42},"end":{"line":35,"column":53}}}},"statementMap":{"1":{"start":{"line":1,"column":0},"end":{"line":7,"column":2}},"2":{"start":{"line":2,"column":4},"end":{"line":2,"column":25}},"3":{"start":{"line":3,"column":4},"end":{"line":3,"column":21}},"4":{"start":{"line":4,"column":4},"end":{"line":4,"column":65}},"5":{"start":{"line":6,"column":4},"end":{"line":6,"column":16}},"6":{"start":{"line":10,"column":0},"end":{"line":12,"column":2}},"7":{"start":{"line":11,"column":4},"end":{"line":11,"column":48}},"8":{"start":{"line":15,"column":0},"end":{"line":22,"column":2}},"9":{"start":{"line":16,"column":4},"end":{"line":16,"column":56}},"10":{"start":{"line":17,"column":4},"end":{"line":21,"column":5}},"11":{"start":{"line":18,"column":8},"end":{"line":18,"column":46}},"12":{"start":{"line":20,"column":8},"end":{"line":20,"column":27}},"13":{"start":{"line":25,"column":0},"end":{"line":30,"column":2}},"14":{"start":{"line":26,"column":4},"end":{"line":27,"column":63}},"15":{"start":{"line":29,"column":4},"end":{"line":29,"column":51}},"16":{"start":{"line":33,"column":0},"end":{"line":38,"column":2}},"17":{"start":{"line":34,"column":4},"end":{"line":34,"column":20}},"18":{"start":{"line":35,"column":4},"end":{"line":37,"column":14}},"19":{"start":{"line":36,"column":8},"end":{"line":36,"column":26}}},"branchMap":{"1":{"line":17,"type":"if","locations":[{"start":{"line":17,"column":4},"end":{"line":17,"column":4}},{"start":{"line":17,"column":4},"end":{"line":17,"column":4}}]}}}}