TN:
SF:assets/js/local.js
FN:1,(anonymous_1)
FN:8,(anonymous_2)
FN:13,(anonymous_3)
FN:18,(anonymous_4)
FN:22,(anonymous_5)
FN:23,(anonymous_6)
FN:31,(anonymous_7)
FNF:7
FNH:6
FNDA:9,(anonymous_1)
FNDA:9,(anonymous_2)
FNDA:10,(anonymous_3)
FNDA:9,(anonymous_4)
FNDA:1,(anonymous_5)
FNDA:0,(anonymous_6)
FNDA:10,(anonymous_7)
DA:1,1
DA:2,9
DA:3,9
DA:4,9
DA:8,1
DA:9,9
DA:13,1
DA:14,10
DA:18,1
DA:19,9
DA:21,9
DA:22,9
DA:23,1
DA:24,0
DA:31,1
DA:32,10
DA:33,1
DA:34,1
LF:18
LH:17
BRDA:32,1,0,1
BRDA:32,1,1,9
BRF:2
BRH:2
end_of_record
TN:
SF:assets/js/colors.js
FN:1,(anonymous_1)
FN:10,(anonymous_2)
FN:15,(anonymous_3)
FN:25,(anonymous_4)
FN:33,(anonymous_5)
FN:35,(anonymous_6)
FNF:6
FNH:6
FNDA:8,(anonymous_1)
FNDA:17,(anonymous_2)
FNDA:19,(anonymous_3)
FNDA:9,(anonymous_4)
FNDA:8,(anonymous_5)
FNDA:1,(anonymous_6)
DA:1,1
DA:2,8
DA:3,8
DA:4,8
DA:6,8
DA:10,1
DA:11,17
DA:15,1
DA:16,19
DA:17,19
DA:18,2
DA:20,17
DA:25,1
DA:26,9
DA:29,9
DA:33,1
DA:34,8
DA:35,8
DA:36,1
LF:19
LH:19
BRDA:17,1,0,2
BRDA:17,1,1,17
BRF:2
BRH:2
end_of_record
